<?xml version="1.0" encoding="UTF-8"?>
<!-- Generated by org.testng.reporters.JUnitXMLReporter -->
<testsuite ignored="0" hostname="DESKTOP-580KLSO" failures="0" tests="5" name="Test" time="10.09" errors="0" timestamp="2023-05-14T23:08:40 EDT">
  <testcase classname="testng.Convert_to_xml" name="facebook" time="1.1"/>
  <testcase classname="testng.Convert_to_xml" name="gnail" time="1.338"/>
  <testcase classname="testng.Convert_to_xml" name="google" time="0.955"/>
  <testcase classname="testng.Convert_to_xml" name="selenium" time="1.423"/>
  <testcase classname="testng.Convert_to_xml" name="twitter" time="2.243"/>
</testsuite> <!-- Test -->
